<?xml version="1.0" encoding="UTF-8"?>
<!-- Generated by org.testng.reporters.JUnitXMLReporter -->
<testsuite ignored="0" hostname="DESKTOP-F4AIGQN" failures="0" tests="9" name="Test" time="56.297" errors="0" timestamp="2026-02-04T18:15:41 IST">
  <testcase classname="turboninjaAutomation.TC_RF_001" name="verifyRegisterAccountUsingMandatoryFields" time="9.276"/>
  <testcase classname="turboninjaAutomation.TC_RF_002" name="verifyEmailIsSentToTheRegisteredEmailAddressConfirmationForRegister" time="0.004"/>
  <testcase classname="turboninjaAutomation.TC_RF_003" name="verifyRegisteringAnAccountByProvidingAllTheFields" time="7.818"/>
  <testcase classname="turboninjaAutomation.TC_RF_004" name="verifyNotificationForMandatoryFieldsWhenDetailsNotProvidedInRegisterAccount" time="8.178"/>
  <testcase classname="turboninjaAutomation.TC_RF_005" name="verifyRegisteringNewsletterFieldSelectedYes" time="8.279"/>
  <testcase classname="turboninjaAutomation.TC_RF_006" name="verifyRegisteringNewsletterFieldSelectedNo" time="8.073"/>
  <testcase classname="turboninjaAutomation.TC_RF_007" name="verifyDifferentMethodsToNavigateRegisterAccount" time="4.564"/>
  <testcase classname="turboninjaAutomation.TC_RF_008" name="verifyWarningMessageForPasswordMismatch" time="4.871"/>
  <testcase classname="turboninjaAutomation.TC_RF_009" name="verifyWarningMessageForRegisteringAnExistingMail" time="5.096"/>
</testsuite> <!-- Test -->
