<?xml version="1.0" encoding="UTF-8"?>
<!-- Generated by org.testng.reporters.JUnitXMLReporter -->
<testsuite ignored="0" hostname="DESKTOP-F4AIGQN" failures="0" tests="3" name="Test" time="30.021" errors="0" timestamp="2026-02-04T09:07:45 IST">
  <testcase classname="turboninjaAutomation.TC_RF_001" name="verifyRegisterAccountUsingMandatoryFields" time="22.023"/>
  <testcase classname="turboninjaAutomation.TC_RF_002" name="verifyEmailIsSentToTheRegisteredEmailAddressConfirmationForRegister" time="0.002"/>
  <testcase classname="turboninjaAutomation.TC_RF_003" name="verifyRegisteringAnAccountByProvidingAllTheFields" time="7.839"/>
</testsuite> <!-- Test -->
