<?xml version="1.0" encoding="UTF-8"?>
<testng-results ignored="0" total="1" passed="1" failed="0" skipped="0">
  <reporter-output>
  </reporter-output>
  <suite started-at="2026-02-02T19:02:54 IST" name="Default suite" finished-at="2026-02-02T19:03:01 IST" duration-ms="6391">
    <groups>
    </groups>
    <test started-at="2026-02-02T19:02:54 IST" name="Default test" finished-at="2026-02-02T19:03:01 IST" duration-ms="6391">
      <class name="turboninjaAutomation.TC_RF_001">
        <test-method signature="verifyRegisterAccountUsingMandatoryFields()[pri:0, instance:turboninjaAutomation.TC_RF_001@4135c3b]" started-at="2026-02-02T19:02:54 IST" name="verifyRegisterAccountUsingMandatoryFields" finished-at="2026-02-02T19:03:01 IST" duration-ms="6318" status="PASS">
          <reporter-output>
          </reporter-output>
        </test-method> <!-- verifyRegisterAccountUsingMandatoryFields -->
      </class> <!-- turboninjaAutomation.TC_RF_001 -->
    </test> <!-- Default test -->
  </suite> <!-- Default suite -->
</testng-results>
