<?xml version="1.0" encoding="UTF-8"?>
<testng-results ignored="0" total="2" passed="2" failed="0" skipped="0">
  <reporter-output>
  </reporter-output>
  <suite started-at="2026-02-03T12:05:42 IST" name="Suite" finished-at="2026-02-03T12:05:59 IST" duration-ms="16870">
    <groups>
    </groups>
    <test started-at="2026-02-03T12:05:42 IST" name="Test" finished-at="2026-02-03T12:05:59 IST" duration-ms="16870">
      <class name="turboninjaAutomation.TC_RF_001">
        <test-method signature="verifyRegisterAccountUsingMandatoryFields()[pri:0, instance:turboninjaAutomation.TC_RF_001@3c19aaa5]" started-at="2026-02-03T12:05:42 IST" name="verifyRegisterAccountUsingMandatoryFields" finished-at="2026-02-03T12:05:51 IST" duration-ms="9080" status="PASS">
          <reporter-output>
          </reporter-output>
        </test-method> <!-- verifyRegisterAccountUsingMandatoryFields -->
      </class> <!-- turboninjaAutomation.TC_RF_001 -->
      <class name="turboninjaAutomation.TC_RF_003">
        <test-method signature="verifyRegisteringAnAccountByProvidingAllTheFields()[pri:0, instance:turboninjaAutomation.TC_RF_003@35d019a3]" started-at="2026-02-03T12:05:51 IST" name="verifyRegisteringAnAccountByProvidingAllTheFields" finished-at="2026-02-03T12:05:59 IST" duration-ms="7702" status="PASS">
          <reporter-output>
          </reporter-output>
        </test-method> <!-- verifyRegisteringAnAccountByProvidingAllTheFields -->
      </class> <!-- turboninjaAutomation.TC_RF_003 -->
    </test> <!-- Test -->
  </suite> <!-- Suite -->
</testng-results>
