<?xml version="1.0" encoding="UTF-8"?>
<testng-results ignored="0" total="4" passed="4" failed="0" skipped="0">
  <reporter-output>
  </reporter-output>
  <suite started-at="2026-02-04T11:59:17 IST" name="Suite" finished-at="2026-02-04T11:59:42 IST" duration-ms="24801">
    <groups>
    </groups>
    <test started-at="2026-02-04T11:59:17 IST" name="Test" finished-at="2026-02-04T11:59:42 IST" duration-ms="24801">
      <class name="turboninjaAutomation.TC_RF_001">
        <test-method signature="verifyRegisterAccountUsingMandatoryFields()[pri:0, instance:turboninjaAutomation.TC_RF_001@49e53c76]" started-at="2026-02-04T11:59:17 IST" name="verifyRegisterAccountUsingMandatoryFields" finished-at="2026-02-04T11:59:28 IST" duration-ms="10305" status="PASS">
          <reporter-output>
          </reporter-output>
        </test-method> <!-- verifyRegisterAccountUsingMandatoryFields -->
      </class> <!-- turboninjaAutomation.TC_RF_001 -->
      <class name="turboninjaAutomation.TC_RF_004">
        <test-method signature="verifyNotificationForMandatoryFieldsWhenDetailsNotProvidedInRegisterAccount()[pri:0, instance:turboninjaAutomation.TC_RF_004@3023df74]" started-at="2026-02-04T11:59:36 IST" name="verifyNotificationForMandatoryFieldsWhenDetailsNotProvidedInRegisterAccount" finished-at="2026-02-04T11:59:42 IST" duration-ms="6180" status="PASS">
          <reporter-output>
          </reporter-output>
        </test-method> <!-- verifyNotificationForMandatoryFieldsWhenDetailsNotProvidedInRegisterAccount -->
      </class> <!-- turboninjaAutomation.TC_RF_004 -->
      <class name="turboninjaAutomation.TC_RF_003">
        <test-method signature="verifyRegisteringAnAccountByProvidingAllTheFields()[pri:0, instance:turboninjaAutomation.TC_RF_003@145f66e3]" started-at="2026-02-04T11:59:28 IST" name="verifyRegisteringAnAccountByProvidingAllTheFields" finished-at="2026-02-04T11:59:36 IST" duration-ms="8199" status="PASS">
          <reporter-output>
          </reporter-output>
        </test-method> <!-- verifyRegisteringAnAccountByProvidingAllTheFields -->
      </class> <!-- turboninjaAutomation.TC_RF_003 -->
      <class name="turboninjaAutomation.TC_RF_002">
        <test-method signature="verifyEmailIsSentToTheRegisteredEmailAddressConfirmationForRegister()[pri:0, instance:turboninjaAutomation.TC_RF_002@4c371370]" started-at="2026-02-04T11:59:28 IST" name="verifyEmailIsSentToTheRegisteredEmailAddressConfirmationForRegister" finished-at="2026-02-04T11:59:28 IST" duration-ms="5" status="PASS">
          <reporter-output>
          </reporter-output>
        </test-method> <!-- verifyEmailIsSentToTheRegisteredEmailAddressConfirmationForRegister -->
      </class> <!-- turboninjaAutomation.TC_RF_002 -->
    </test> <!-- Test -->
  </suite> <!-- Suite -->
</testng-results>
