<?xml version="1.0" encoding="UTF-8"?>
<testng-results ignored="0" total="1" passed="1" failed="0" skipped="0">
  <reporter-output>
  </reporter-output>
  <suite started-at="2026-02-14T15:08:52 IST" name="Default suite" finished-at="2026-02-14T15:08:57 IST" duration-ms="5194">
    <groups>
    </groups>
    <test started-at="2026-02-14T15:08:52 IST" name="Default test" finished-at="2026-02-14T15:08:57 IST" duration-ms="5194">
      <class name="turboninjaAutomation.TC_RF_015">
        <test-method signature="verifyTheProvidedDetailsStoredInDatabase()[pri:0, instance:turboninjaAutomation.TC_RF_015@2a4fb17b]" started-at="2026-02-14T15:08:52 IST" name="verifyTheProvidedDetailsStoredInDatabase" finished-at="2026-02-14T15:08:57 IST" duration-ms="5122" status="PASS">
          <reporter-output>
          </reporter-output>
        </test-method> <!-- verifyTheProvidedDetailsStoredInDatabase -->
      </class> <!-- turboninjaAutomation.TC_RF_015 -->
    </test> <!-- Default test -->
  </suite> <!-- Default suite -->
</testng-results>
