<?xml version="1.0" encoding="UTF-8"?>
<testng-results ignored="0" total="1" passed="1" failed="0" skipped="0">
  <reporter-output>
  </reporter-output>
  <suite started-at="2026-02-05T18:47:21 IST" name="Default suite" finished-at="2026-02-05T18:47:29 IST" duration-ms="8569">
    <groups>
    </groups>
    <test started-at="2026-02-05T18:47:21 IST" name="Default test" finished-at="2026-02-05T18:47:29 IST" duration-ms="8569">
      <class name="turboninjaAutomation.TC_RF_010">
        <test-method signature="verifyWarningMessageForInvalidMailAddress()[pri:0, instance:turboninjaAutomation.TC_RF_010@2a65fe7c]" started-at="2026-02-05T18:47:21 IST" name="verifyWarningMessageForInvalidMailAddress" finished-at="2026-02-05T18:47:29 IST" duration-ms="8476" status="PASS">
          <reporter-output>
          </reporter-output>
        </test-method> <!-- verifyWarningMessageForInvalidMailAddress -->
      </class> <!-- turboninjaAutomation.TC_RF_010 -->
    </test> <!-- Default test -->
  </suite> <!-- Default suite -->
</testng-results>
