<?xml version="1.0" encoding="UTF-8"?>
<testng-results ignored="0" total="12" passed="11" failed="1" skipped="0">
  <reporter-output>
  </reporter-output>
  <suite started-at="2026-02-07T12:02:08 IST" name="Suite" finished-at="2026-02-07T12:03:26 IST" duration-ms="77472">
    <groups>
    </groups>
    <test started-at="2026-02-07T12:02:08 IST" name="Test" finished-at="2026-02-07T12:03:26 IST" duration-ms="77472">
      <class name="turboninjaAutomation.TC_RF_012">
        <test-method signature="verifyInputViaKeyboard()[pri:0, instance:turboninjaAutomation.TC_RF_012@55141def]" started-at="2026-02-07T12:03:19 IST" name="verifyInputViaKeyboard" finished-at="2026-02-07T12:03:26 IST" duration-ms="7037" status="PASS">
          <reporter-output>
          </reporter-output>
        </test-method> <!-- verifyInputViaKeyboard -->
      </class> <!-- turboninjaAutomation.TC_RF_012 -->
      <class name="turboninjaAutomation.TC_RF_001">
        <test-method signature="verifyRegisterAccountUsingMandatoryFields()[pri:0, instance:turboninjaAutomation.TC_RF_001@31304f14]" started-at="2026-02-07T12:02:08 IST" name="verifyRegisterAccountUsingMandatoryFields" finished-at="2026-02-07T12:02:19 IST" duration-ms="10181" status="PASS">
          <reporter-output>
          </reporter-output>
        </test-method> <!-- verifyRegisterAccountUsingMandatoryFields -->
      </class> <!-- turboninjaAutomation.TC_RF_001 -->
      <class name="turboninjaAutomation.TC_RF_011">
        <test-method signature="verifyWarningMessageForInvalidPhoneNumber()[pri:0, instance:turboninjaAutomation.TC_RF_011@47eaca72]" started-at="2026-02-07T12:03:11 IST" name="verifyWarningMessageForInvalidPhoneNumber" finished-at="2026-02-07T12:03:19 IST" duration-ms="7428" status="FAIL">
          <exception class="org.openqa.selenium.NoSuchElementException">
            <message>
              <![CDATA[no such element: Unable to locate element: {"method":"css selector","selector":"#input\-telephone\-Warning"}
  (Session info: chrome=144.0.7559.110)
For documentation on this error, please visit: https://www.selenium.dev/documentation/webdriver/troubleshooting/errors#nosuchelementexception
Build info: version: '4.40.0', revision: 'b3333f1'
System info: os.name: 'Windows 10', os.arch: 'amd64', os.version: '10.0', java.version: '21.0.9'
Driver info: org.openqa.selenium.chrome.ChromeDriver
Command: [d7da66715f3d79e27675873c9ad39b8e, findElement {value=input-telephone-Warning, using=id}]
Capabilities {acceptInsecureCerts: false, browserName: chrome, browserVersion: 144.0.7559.110, chrome: {chromedriverVersion: 144.0.7559.133 (7da823b1d59..., userDataDir: C:\Users\MNAFRI~1\AppData\L...}, fedcm:accounts: true, goog:chromeOptions: {debuggerAddress: localhost:50549}, goog:processID: 13324, networkConnectionEnabled: false, pageLoadStrategy: normal, platformName: windows, proxy: Proxy(), se:cdp: ws://localhost:50549/devtoo..., se:cdpVersion: 144.0.7559.110, setWindowRect: true, strictFileInteractability: false, timeouts: {implicit: 0, pageLoad: 300000, script: 30000}, unhandledPromptBehavior: dismiss and notify, webauthn:extension:credBlob: true, webauthn:extension:largeBlob: true, webauthn:extension:minPinLength: true, webauthn:extension:prf: true, webauthn:virtualAuthenticators: true}
Session ID: d7da66715f3d79e27675873c9ad39b8e]]>
            </message>
            <full-stacktrace>
              <![CDATA[org.openqa.selenium.NoSuchElementException: no such element: Unable to locate element: {"method":"css selector","selector":"#input\-telephone\-Warning"}
  (Session info: chrome=144.0.7559.110)
For documentation on this error, please visit: https://www.selenium.dev/documentation/webdriver/troubleshooting/errors#nosuchelementexception
Build info: version: '4.40.0', revision: 'b3333f1'
System info: os.name: 'Windows 10', os.arch: 'amd64', os.version: '10.0', java.version: '21.0.9'
Driver info: org.openqa.selenium.chrome.ChromeDriver
Command: [d7da66715f3d79e27675873c9ad39b8e, findElement {value=input-telephone-Warning, using=id}]
Capabilities {acceptInsecureCerts: false, browserName: chrome, browserVersion: 144.0.7559.110, chrome: {chromedriverVersion: 144.0.7559.133 (7da823b1d59..., userDataDir: C:\Users\MNAFRI~1\AppData\L...}, fedcm:accounts: true, goog:chromeOptions: {debuggerAddress: localhost:50549}, goog:processID: 13324, networkConnectionEnabled: false, pageLoadStrategy: normal, platformName: windows, proxy: Proxy(), se:cdp: ws://localhost:50549/devtoo..., se:cdpVersion: 144.0.7559.110, setWindowRect: true, strictFileInteractability: false, timeouts: {implicit: 0, pageLoad: 300000, script: 30000}, unhandledPromptBehavior: dismiss and notify, webauthn:extension:credBlob: true, webauthn:extension:largeBlob: true, webauthn:extension:minPinLength: true, webauthn:extension:prf: true, webauthn:virtualAuthenticators: true}
Session ID: d7da66715f3d79e27675873c9ad39b8e
at org.openqa.selenium.remote.ErrorCodec.decode(ErrorCodec.java:169)
at org.openqa.selenium.remote.codec.w3c.W3CHttpResponseCodec.decode(W3CHttpResponseCodec.java:142)
at org.openqa.selenium.remote.codec.w3c.W3CHttpResponseCodec.decode(W3CHttpResponseCodec.java:49)
at org.openqa.selenium.remote.HttpCommandExecutor.execute(HttpCommandExecutor.java:223)
at org.openqa.selenium.remote.service.DriverCommandExecutor.invokeExecute(DriverCommandExecutor.java:216)
at org.openqa.selenium.remote.service.DriverCommandExecutor.execute(DriverCommandExecutor.java:174)
at org.openqa.selenium.remote.RemoteWebDriver.execute(RemoteWebDriver.java:601)
at org.openqa.selenium.remote.ElementLocation$ElementFinder$2.findElement(ElementLocation.java:166)
at org.openqa.selenium.remote.ElementLocation.findElement(ElementLocation.java:60)
at org.openqa.selenium.remote.RemoteWebDriver.findElement(RemoteWebDriver.java:424)
at org.openqa.selenium.remote.RemoteWebDriver.findElement(RemoteWebDriver.java:418)
at turboninjaAutomation.TC_RF_011.verifyWarningMessageForInvalidPhoneNumber(TC_RF_011.java:35)
at java.base/jdk.internal.reflect.DirectMethodHandleAccessor.invoke(DirectMethodHandleAccessor.java:103)
at java.base/java.lang.reflect.Method.invoke(Method.java:580)
at org.testng.internal.invokers.MethodInvocationHelper.invokeMethod(MethodInvocationHelper.java:141)
at org.testng.internal.invokers.TestInvoker.invokeMethod(TestInvoker.java:697)
at org.testng.internal.invokers.TestInvoker.invokeTestMethod(TestInvoker.java:230)
at org.testng.internal.invokers.MethodRunner.runInSequence(MethodRunner.java:63)
at org.testng.internal.invokers.TestInvoker$MethodInvocationAgent.invoke(TestInvoker.java:1005)
at org.testng.internal.invokers.TestInvoker.invokeTestMethods(TestInvoker.java:203)
at org.testng.internal.invokers.TestMethodWorker.invokeTestMethods(TestMethodWorker.java:154)
at org.testng.internal.invokers.TestMethodWorker.run(TestMethodWorker.java:134)
at java.base/java.util.ArrayList.forEach(ArrayList.java:1596)
at org.testng.TestRunner.privateRun(TestRunner.java:744)
at org.testng.TestRunner.run(TestRunner.java:616)
at org.testng.SuiteRunner.runTest(SuiteRunner.java:421)
at org.testng.SuiteRunner.runSequentially(SuiteRunner.java:413)
at org.testng.SuiteRunner.privateRun(SuiteRunner.java:373)
at org.testng.SuiteRunner.run(SuiteRunner.java:312)
at org.testng.SuiteRunnerWorker.runSuite(SuiteRunnerWorker.java:52)
at org.testng.SuiteRunnerWorker.run(SuiteRunnerWorker.java:95)
at org.testng.TestNG.runSuitesSequentially(TestNG.java:1274)
at org.testng.TestNG.runSuitesLocally(TestNG.java:1208)
at org.testng.TestNG.runSuites(TestNG.java:1112)
at org.testng.TestNG.run(TestNG.java:1079)
at org.testng.remote.AbstractRemoteTestNG.run(AbstractRemoteTestNG.java:115)
at org.testng.remote.RemoteTestNG.initAndRun(RemoteTestNG.java:293)
at org.testng.remote.RemoteTestNG.main(RemoteTestNG.java:91)
]]>
            </full-stacktrace>
          </exception> <!-- org.openqa.selenium.NoSuchElementException -->
          <reporter-output>
          </reporter-output>
        </test-method> <!-- verifyWarningMessageForInvalidPhoneNumber -->
      </class> <!-- turboninjaAutomation.TC_RF_011 -->
      <class name="turboninjaAutomation.TC_RF_010">
        <test-method signature="verifyWarningMessageForInvalidMailAddress()[pri:0, instance:turboninjaAutomation.TC_RF_010@1aafa419]" started-at="2026-02-07T12:03:06 IST" name="verifyWarningMessageForInvalidMailAddress" finished-at="2026-02-07T12:03:11 IST" duration-ms="5661" status="PASS">
          <reporter-output>
          </reporter-output>
        </test-method> <!-- verifyWarningMessageForInvalidMailAddress -->
      </class> <!-- turboninjaAutomation.TC_RF_010 -->
      <class name="turboninjaAutomation.TC_RF_005">
        <test-method signature="verifyRegisteringNewsletterFieldSelectedYes()[pri:0, instance:turboninjaAutomation.TC_RF_005@4c583ecf]" started-at="2026-02-07T12:02:33 IST" name="verifyRegisteringNewsletterFieldSelectedYes" finished-at="2026-02-07T12:02:42 IST" duration-ms="8722" status="PASS">
          <reporter-output>
          </reporter-output>
        </test-method> <!-- verifyRegisteringNewsletterFieldSelectedYes -->
      </class> <!-- turboninjaAutomation.TC_RF_005 -->
      <class name="turboninjaAutomation.TC_RF_004">
        <test-method signature="verifyNotificationForMandatoryFieldsWhenDetailsNotProvidedInRegisterAccount()[pri:0, instance:turboninjaAutomation.TC_RF_004@368f2016]" started-at="2026-02-07T12:02:27 IST" name="verifyNotificationForMandatoryFieldsWhenDetailsNotProvidedInRegisterAccount" finished-at="2026-02-07T12:02:33 IST" duration-ms="6685" status="PASS">
          <reporter-output>
          </reporter-output>
        </test-method> <!-- verifyNotificationForMandatoryFieldsWhenDetailsNotProvidedInRegisterAccount -->
      </class> <!-- turboninjaAutomation.TC_RF_004 -->
      <class name="turboninjaAutomation.TC_RF_003">
        <test-method signature="verifyRegisteringAnAccountByProvidingAllTheFields()[pri:0, instance:turboninjaAutomation.TC_RF_003@4d5d943d]" started-at="2026-02-07T12:02:19 IST" name="verifyRegisteringAnAccountByProvidingAllTheFields" finished-at="2026-02-07T12:02:27 IST" duration-ms="8231" status="PASS">
          <reporter-output>
          </reporter-output>
        </test-method> <!-- verifyRegisteringAnAccountByProvidingAllTheFields -->
      </class> <!-- turboninjaAutomation.TC_RF_003 -->
      <class name="turboninjaAutomation.TC_RF_002">
        <test-method signature="verifyEmailIsSentToTheRegisteredEmailAddressConfirmationForRegister()[pri:0, instance:turboninjaAutomation.TC_RF_002@7c7b252e]" started-at="2026-02-07T12:02:19 IST" name="verifyEmailIsSentToTheRegisteredEmailAddressConfirmationForRegister" finished-at="2026-02-07T12:02:19 IST" duration-ms="2" status="PASS">
          <reporter-output>
          </reporter-output>
        </test-method> <!-- verifyEmailIsSentToTheRegisteredEmailAddressConfirmationForRegister -->
      </class> <!-- turboninjaAutomation.TC_RF_002 -->
      <class name="turboninjaAutomation.TC_RF_009">
        <test-method signature="verifyWarningMessageForRegisteringAnExistingMail()[pri:0, instance:turboninjaAutomation.TC_RF_009@a1153bc]" started-at="2026-02-07T12:03:00 IST" name="verifyWarningMessageForRegisteringAnExistingMail" finished-at="2026-02-07T12:03:06 IST" duration-ms="5086" status="PASS">
          <reporter-output>
          </reporter-output>
        </test-method> <!-- verifyWarningMessageForRegisteringAnExistingMail -->
      </class> <!-- turboninjaAutomation.TC_RF_009 -->
      <class name="turboninjaAutomation.TC_RF_008">
        <test-method signature="verifyWarningMessageForPasswordMismatch()[pri:0, instance:turboninjaAutomation.TC_RF_008@7b2bbc3]" started-at="2026-02-07T12:02:55 IST" name="verifyWarningMessageForPasswordMismatch" finished-at="2026-02-07T12:03:00 IST" duration-ms="5390" status="PASS">
          <reporter-output>
          </reporter-output>
        </test-method> <!-- verifyWarningMessageForPasswordMismatch -->
      </class> <!-- turboninjaAutomation.TC_RF_008 -->
      <class name="turboninjaAutomation.TC_RF_007">
        <test-method signature="verifyDifferentMethodsToNavigateRegisterAccount()[pri:0, instance:turboninjaAutomation.TC_RF_007@48f2bd5b]" started-at="2026-02-07T12:02:50 IST" name="verifyDifferentMethodsToNavigateRegisterAccount" finished-at="2026-02-07T12:02:55 IST" duration-ms="4694" status="PASS">
          <reporter-output>
          </reporter-output>
        </test-method> <!-- verifyDifferentMethodsToNavigateRegisterAccount -->
      </class> <!-- turboninjaAutomation.TC_RF_007 -->
      <class name="turboninjaAutomation.TC_RF_006">
        <test-method signature="verifyRegisteringNewsletterFieldSelectedNo()[pri:0, instance:turboninjaAutomation.TC_RF_006@692f203f]" started-at="2026-02-07T12:02:42 IST" name="verifyRegisteringNewsletterFieldSelectedNo" finished-at="2026-02-07T12:02:50 IST" duration-ms="8239" status="PASS">
          <reporter-output>
          </reporter-output>
        </test-method> <!-- verifyRegisteringNewsletterFieldSelectedNo -->
      </class> <!-- turboninjaAutomation.TC_RF_006 -->
    </test> <!-- Test -->
  </suite> <!-- Suite -->
</testng-results>
