<?xml version="1.0" encoding="UTF-8"?>
<testng-results ignored="0" total="1" passed="1" failed="0" skipped="0">
  <reporter-output>
  </reporter-output>
  <suite started-at="2026-02-07T20:37:56 IST" name="Default suite" finished-at="2026-02-07T20:38:01 IST" duration-ms="5158">
    <groups>
    </groups>
    <test started-at="2026-02-07T20:37:56 IST" name="Default test" finished-at="2026-02-07T20:38:01 IST" duration-ms="5158">
      <class name="turboninjaAutomation.TC_RF_014">
        <test-method signature="verifyTheRedRequiredSymbol()[pri:0, instance:turboninjaAutomation.TC_RF_014@2a65fe7c]" started-at="2026-02-07T20:37:56 IST" name="verifyTheRedRequiredSymbol" finished-at="2026-02-07T20:38:01 IST" duration-ms="5075" status="PASS">
          <reporter-output>
          </reporter-output>
        </test-method> <!-- verifyTheRedRequiredSymbol -->
      </class> <!-- turboninjaAutomation.TC_RF_014 -->
    </test> <!-- Default test -->
  </suite> <!-- Default suite -->
</testng-results>
