<?xml version="1.0" encoding="UTF-8"?>
<testng-results ignored="0" total="9" passed="9" failed="0" skipped="0">
  <reporter-output>
  </reporter-output>
  <suite started-at="2026-02-04T18:14:44 IST" name="Suite" finished-at="2026-02-04T18:15:41 IST" duration-ms="56297">
    <groups>
    </groups>
    <test started-at="2026-02-04T18:14:44 IST" name="Test" finished-at="2026-02-04T18:15:41 IST" duration-ms="56297">
      <class name="turboninjaAutomation.TC_RF_001">
        <test-method signature="verifyRegisterAccountUsingMandatoryFields()[pri:0, instance:turboninjaAutomation.TC_RF_001@3023df74]" started-at="2026-02-04T18:14:44 IST" name="verifyRegisterAccountUsingMandatoryFields" finished-at="2026-02-04T18:14:54 IST" duration-ms="9276" status="PASS">
          <reporter-output>
          </reporter-output>
        </test-method> <!-- verifyRegisterAccountUsingMandatoryFields -->
      </class> <!-- turboninjaAutomation.TC_RF_001 -->
      <class name="turboninjaAutomation.TC_RF_005">
        <test-method signature="verifyRegisteringNewsletterFieldSelectedYes()[pri:0, instance:turboninjaAutomation.TC_RF_005@459e9125]" started-at="2026-02-04T18:15:10 IST" name="verifyRegisteringNewsletterFieldSelectedYes" finished-at="2026-02-04T18:15:18 IST" duration-ms="8279" status="PASS">
          <reporter-output>
          </reporter-output>
        </test-method> <!-- verifyRegisteringNewsletterFieldSelectedYes -->
      </class> <!-- turboninjaAutomation.TC_RF_005 -->
      <class name="turboninjaAutomation.TC_RF_004">
        <test-method signature="verifyNotificationForMandatoryFieldsWhenDetailsNotProvidedInRegisterAccount()[pri:0, instance:turboninjaAutomation.TC_RF_004@6f1de4c7]" started-at="2026-02-04T18:15:02 IST" name="verifyNotificationForMandatoryFieldsWhenDetailsNotProvidedInRegisterAccount" finished-at="2026-02-04T18:15:10 IST" duration-ms="8178" status="PASS">
          <reporter-output>
          </reporter-output>
        </test-method> <!-- verifyNotificationForMandatoryFieldsWhenDetailsNotProvidedInRegisterAccount -->
      </class> <!-- turboninjaAutomation.TC_RF_004 -->
      <class name="turboninjaAutomation.TC_RF_003">
        <test-method signature="verifyRegisteringAnAccountByProvidingAllTheFields()[pri:0, instance:turboninjaAutomation.TC_RF_003@5c6648b0]" started-at="2026-02-04T18:14:54 IST" name="verifyRegisteringAnAccountByProvidingAllTheFields" finished-at="2026-02-04T18:15:02 IST" duration-ms="7818" status="PASS">
          <reporter-output>
          </reporter-output>
        </test-method> <!-- verifyRegisteringAnAccountByProvidingAllTheFields -->
      </class> <!-- turboninjaAutomation.TC_RF_003 -->
      <class name="turboninjaAutomation.TC_RF_002">
        <test-method signature="verifyEmailIsSentToTheRegisteredEmailAddressConfirmationForRegister()[pri:0, instance:turboninjaAutomation.TC_RF_002@2a4fb17b]" started-at="2026-02-04T18:14:54 IST" name="verifyEmailIsSentToTheRegisteredEmailAddressConfirmationForRegister" finished-at="2026-02-04T18:14:54 IST" duration-ms="4" status="PASS">
          <reporter-output>
          </reporter-output>
        </test-method> <!-- verifyEmailIsSentToTheRegisteredEmailAddressConfirmationForRegister -->
      </class> <!-- turboninjaAutomation.TC_RF_002 -->
      <class name="turboninjaAutomation.TC_RF_009">
        <test-method signature="verifyWarningMessageForRegisteringAnExistingMail()[pri:0, instance:turboninjaAutomation.TC_RF_009@4d5d943d]" started-at="2026-02-04T18:15:36 IST" name="verifyWarningMessageForRegisteringAnExistingMail" finished-at="2026-02-04T18:15:41 IST" duration-ms="5096" status="PASS">
          <reporter-output>
          </reporter-output>
        </test-method> <!-- verifyWarningMessageForRegisteringAnExistingMail -->
      </class> <!-- turboninjaAutomation.TC_RF_009 -->
      <class name="turboninjaAutomation.TC_RF_008">
        <test-method signature="verifyWarningMessageForPasswordMismatch()[pri:0, instance:turboninjaAutomation.TC_RF_008@7c7b252e]" started-at="2026-02-04T18:15:31 IST" name="verifyWarningMessageForPasswordMismatch" finished-at="2026-02-04T18:15:36 IST" duration-ms="4871" status="PASS">
          <reporter-output>
          </reporter-output>
        </test-method> <!-- verifyWarningMessageForPasswordMismatch -->
      </class> <!-- turboninjaAutomation.TC_RF_008 -->
      <class name="turboninjaAutomation.TC_RF_007">
        <test-method signature="verifyDifferentMethodsToNavigateRegisterAccount()[pri:0, instance:turboninjaAutomation.TC_RF_007@7cc0cdad]" started-at="2026-02-04T18:15:26 IST" name="verifyDifferentMethodsToNavigateRegisterAccount" finished-at="2026-02-04T18:15:31 IST" duration-ms="4564" status="PASS">
          <reporter-output>
          </reporter-output>
        </test-method> <!-- verifyDifferentMethodsToNavigateRegisterAccount -->
      </class> <!-- turboninjaAutomation.TC_RF_007 -->
      <class name="turboninjaAutomation.TC_RF_006">
        <test-method signature="verifyRegisteringNewsletterFieldSelectedNo()[pri:0, instance:turboninjaAutomation.TC_RF_006@128d2484]" started-at="2026-02-04T18:15:18 IST" name="verifyRegisteringNewsletterFieldSelectedNo" finished-at="2026-02-04T18:15:26 IST" duration-ms="8073" status="PASS">
          <reporter-output>
          </reporter-output>
        </test-method> <!-- verifyRegisteringNewsletterFieldSelectedNo -->
      </class> <!-- turboninjaAutomation.TC_RF_006 -->
    </test> <!-- Test -->
  </suite> <!-- Suite -->
</testng-results>
